<?xml version="1.0" encoding="UTF-8"?>
<testsuite xmlns:xsi="http://www.w3.org/2001/XMLSchema-instance" xsi:noNamespaceSchemaLocation="https://maven.apache.org/surefire/maven-surefire-plugin/xsd/surefire-test-report.xsd" name="Navigation Menu" time="28.394" tests="3" errors="0" skipped="0" failures="0">
  <properties>
[...]
</properties>
  <testcase name="Navigating Fleet -- Vehicles" classname="Navigation Menu" time="11.152"/>
  <testcase name="Navigating Marketing -- Campaigns" classname="Navigation Menu" time="6.766"/>
  <testcase name="Navigating Activities -- Calendar Events" classname="Navigation Menu" time="10.476"/>
</testsuite>